<?xml version="1.0" encoding="UTF-8"?>
<!-- Generated by org.testng.reporters.JUnitXMLReporter -->
<testsuite ignored="0" hostname="DJs-MacBook-Pro.local" failures="0" tests="4" name="User API tests" time="5.792" errors="0" timestamp="2023-07-11T12:41:16 PDT">
  <testcase classname="com.solvd.carina.demo.APISampleTest" name="testCreateUserMissingSomeFields" time="1.731"/>
  <testcase classname="com.solvd.carina.demo.APISampleTest" name="testDeleteUsers" time="1.756"/>
  <testcase classname="com.solvd.carina.demo.APISampleTest" name="testGetUsers" time="1.867"/>
  <testcase classname="com.solvd.carina.demo.APISampleTest" name="testCreateUser" time="5.762"/>
</testsuite> <!-- User API tests -->
