<?xml version="1.0" encoding="UTF-8"?>
<testsuite xmlns:xsi="http://www.w3.org/2001/XMLSchema-instance" xsi:noNamespaceSchemaLocation="https://maven.apache.org/surefire/maven-surefire-plugin/xsd/surefire-test-report-3.0.xsd" version="3.0" name="TestSuite" time="8.99" tests="4" errors="0" skipped="0" failures="0">
  <properties>
[...]
</properties>
  <testcase name="testCreateUserMissingSomeFields" classname="com.solvd.carina.demo.APISampleTest" time="1.791">
    <system-out><![CDATA[2023-07-11 12:41:08 CarinaListener [main] [INFO] 
============= Basic configuration =============
env=DEMO
=========== Encryptor configuration ===========
crypto_key_value=*****
=========== WebDriver configuration ===========
url=https://www.gsmarena.com
auto_screenshot=true
localization_encoding=UTF-8
language=en_US
-------------- Driver capabilities ------------
===============================================

2023-07-11 12:41:08 TestRunRegistrar [main-1] [WARN] Reporting disabled: using no op test run registrar
2023-07-11 12:41:10 CarinaListener [main-1] [INFO] Use thread-count='5' from suite file.
2023-07-11 12:41:10 CarinaListener [main-1] [INFO] Set data-provider-thread-count=1
2023-07-11 12:41:10 CarinaListener [main-1] [INFO] CARINA_CORE_VERSION: 1.1.3
2023-07-11 12:41:10 TestRunRegistrar [TestNG-test=User API tests-1] [WARN] Reporting disabled: using no op test run registrar
2023-07-11 12:41:10 Messager [TestNG-test=User API tests-1-28] [INFO] TEST [User API tests - testCreateUser] STARTED at [12:41:10 2023-07-11]
2023-07-11 12:41:10 TestRunRegistrar [TestNG-test=User API tests-2] [WARN] Reporting disabled: using no op test run registrar
2023-07-11 12:41:10 Messager [TestNG-test=User API tests-2-29] [INFO] TEST [User API tests - testCreateUserMissingSomeFields] STARTED at [12:41:10 2023-07-11]
2023-07-11 12:41:10 APISampleTest [TestNG-test=User API tests-1-28] [INFO] test
2023-07-11 12:41:10 TestRunRegistrar [TestNG-test=User API tests-3] [WARN] Reporting disabled: using no op test run registrar
2023-07-11 12:41:10 Messager [TestNG-test=User API tests-3-30] [INFO] TEST [User API tests - testDeleteUsers] STARTED at [12:41:10 2023-07-11]
2023-07-11 12:41:10 TestRunRegistrar [TestNG-test=User API tests-4] [WARN] Reporting disabled: using no op test run registrar
2023-07-11 12:41:10 Messager [TestNG-test=User API tests-4-31] [INFO] TEST [User API tests - testGetUsers] STARTED at [12:41:10 2023-07-11]
2023-07-11 12:41:11 AbstractApiMethodV2 [TestNG-test=User API tests-2-29] [INFO] Base properties loaded: api/users/user.properties
2023-07-11 12:41:11 AbstractApiMethodV2 [TestNG-test=User API tests-1-28] [INFO] Base properties loaded: api/users/user.properties
2023-07-11 12:41:11 AbstractApiMethodV2 [TestNG-test=User API tests-3-30] [INFO] Base properties loaded: api/users/user.properties
2023-07-11 12:41:11 AbstractApiMethodV2 [TestNG-test=User API tests-2-29] [INFO] Base properties loaded: api/users/user.properties
2023-07-11 12:41:11 AbstractApiMethodV2 [TestNG-test=User API tests-1-28] [INFO] Base properties loaded: api/users/user.properties
2023-07-11 12:41:12 AbstractApiMethod [TestNG-test=User API tests-4-31] [INFO] Request method:	GET
Request URI:	https://jsonplaceholder.typicode.com/users
Request params:	<none>
Query params:	<none>
Form params:	<none>
Path params:	<none>
Multiparts:		<none>
Cookies:		<none>
Headers:		Accept=*/*
				Content-Type=application/json; charset=UTF-8
Body:			<none>
HTTP/1.1 200 OK
Date: Tue, 11 Jul 2023 19:41:12 GMT
Content-Type: application/json; charset=utf-8
Transfer-Encoding: chunked
Connection: keep-alive
X-Powered-By: Express
X-Ratelimit-Limit: 1000
X-Ratelimit-Remaining: 999
X-Ratelimit-Reset: 1688404459
Vary: Origin, Accept-Encoding
Access-Control-Allow-Credentials: true
Cache-Control: max-age=43200
Pragma: no-cache
Expires: -1
X-Content-Type-Options: nosniff
Etag: W/"160d-1eMSsxeJRfnVLRBmYJSbCiJZ1qQ"
Content-Encoding: gzip
Via: 1.1 vegur
CF-Cache-Status: HIT
Age: 8520
Report-To: {"endpoints":[{"url":"https:\/\/a.nel.cloudflare.com\/report\/v3?s=IfV7z0WkloUWqBdEvfl5VcFAsrhDOUcHluR%2FyiTpsoyD96KidVY9JOLO0Qf1lURDRunWwLwvAY42vZy7LJdPD8ecM39V3ZU7bitP9Efr1zFlmv2xFRhtvSsGBaoetVE87GoJ%2FI4W3v5xPFXSmCqb"}],"group":"cf-nel","max_age":604800}
NEL: {"success_fraction":0,"report_to":"cf-nel","max_age":604800}
Server: cloudflare
CF-RAY: 7e5385c9699696ed-SJC
alt-svc: h3=":443"; ma=86400

[
    {
        "id": 1,
        "name": "Leanne Graham",
        "username": "Bret",
        "email": "Sincere@april.biz",
        "address": {
            "street": "Kulas Light",
            "suite": "Apt. 556",
            "city": "Gwenborough",
            "zipcode": "92998-3874",
            "geo": {
                "lat": "-37.3159",
                "lng": "81.1496"
            }
        },
        "phone": "1-770-736-8031 x56442",
        "website": "hildegard.org",
        "company": {
            "name": "Romaguera-Crona",
            "catchPhrase": "Multi-layered client-server neural-net",
            "bs": "harness real-time e-markets"
        }
    },
    {
        "id": 2,
        "name": "Ervin Howell",
        "username": "Antonette",
        "email": "Shanna@melissa.tv",
        "address": {
            "street": "Victor Plains",
            "suite": "Suite 879",
            "city": "Wisokyburgh",
            "zipcode": "90566-7771",
            "geo": {
                "lat": "-43.9509",
                "lng": "-34.4618"
            }
        },
        "phone": "010-692-6593 x09125",
        "website": "anastasia.net",
        "company": {
            "name": "Deckow-Crist",
            "catchPhrase": "Proactive didactic contingency",
            "bs": "synergize scalable supply-chains"
        }
    },
    {
        "id": 3,
        "name": "Clementine Bauch",
        "username": "Samantha",
        "email": "Nathan@yesenia.net",
        "address": {
            "street": "Douglas Extension",
            "suite": "Suite 847",
            "city": "McKenziehaven",
            "zipcode": "59590-4157",
            "geo": {
                "lat": "-68.6102",
                "lng": "-47.0653"
            }
        },
        "phone": "1-463-123-4447",
        "website": "ramiro.info",
        "company": {
            "name": "Romaguera-Jacobson",
            "catchPhrase": "Face to face bifurcated interface",
            "bs": "e-enable strategic applications"
        }
    },
    {
        "id": 4,
        "name": "Patricia Lebsack",
        "username": "Karianne",
        "email": "Julianne.OConner@kory.org",
        "address": {
            "street": "Hoeger Mall",
            "suite": "Apt. 692",
            "city": "South Elvis",
            "zipcode": "53919-4257",
            "geo": {
                "lat": "29.4572",
                "lng": "-164.2990"
            }
        },
        "phone": "493-170-9623 x156",
        "website": "kale.biz",
        "company": {
            "name": "Robel-Corkery",
            "catchPhrase": "Multi-tiered zero tolerance productivity",
            "bs": "transition cutting-edge web services"
        }
    },
    {
        "id": 5,
        "name": "Chelsey Dietrich",
        "username": "Kamren",
        "email": "Lucio_Hettinger@annie.ca",
        "address": {
            "street": "Skiles Walks",
            "suite": "Suite 351",
            "city": "Roscoeview",
            "zipcode": "33263",
            "geo": {
                "lat": "-31.8129",
                "lng": "62.5342"
            }
        },
        "phone": "(254)954-1289",
        "website": "demarco.info",
        "company": {
            "name": "Keebler LLC",
            "catchPhrase": "User-centric fault-tolerant solution",
            "bs": "revolutionize end-to-end systems"
        }
    },
    {
        "id": 6,
        "name": "Mrs. Dennis Schulist",
        "username": "Leopoldo_Corkery",
        "email": "Karley_Dach@jasper.info",
        "address": {
            "street": "Norberto Crossing",
            "suite": "Apt. 950",
            "city": "South Christy",
            "zipcode": "23505-1337",
            "geo": {
                "lat": "-71.4197",
                "lng": "71.7478"
            }
        },
        "phone": "1-477-935-8478 x6430",
        "website": "ola.org",
        "company": {
            "name": "Considine-Lockman",
            "catchPhrase": "Synchronised bottom-line interface",
            "bs": "e-enable innovative applications"
        }
    },
    {
        "id": 7,
        "name": "Kurtis Weissnat",
        "username": "Elwyn.Skiles",
        "email": "Telly.Hoeger@billy.biz",
        "address": {
            "street": "Rex Trail",
            "suite": "Suite 280",
            "city": "Howemouth",
            "zipcode": "58804-1099",
            "geo": {
                "lat": "24.8918",
                "lng": "21.8984"
            }
        },
        "phone": "210.067.6132",
        "website": "elvis.io",
        "company": {
            "name": "Johns Group",
            "catchPhrase": "Configurable multimedia task-force",
            "bs": "generate enterprise e-tailers"
        }
    },
    {
        "id": 8,
        "name": "Nicholas Runolfsdottir V",
        "username": "Maxime_Nienow",
        "email": "Sherwood@rosamond.me",
        "address": {
            "street": "Ellsworth Summit",
            "suite": "Suite 729",
            "city": "Aliyaview",
            "zipcode": "45169",
            "geo": {
                "lat": "-14.3990",
                "lng": "-120.7677"
            }
        },
        "phone": "586.493.6943 x140",
        "website": "jacynthe.com",
        "company": {
            "name": "Abernathy Group",
            "catchPhrase": "Implemented secondary concept",
            "bs": "e-enable extensible e-tailers"
        }
    },
    {
        "id": 9,
        "name": "Glenna Reichert",
        "username": "Delphine",
        "email": "Chaim_McDermott@dana.io",
        "address": {
            "street": "Dayna Park",
            "suite": "Suite 449",
            "city": "Bartholomebury",
            "zipcode": "76495-3109",
            "geo": {
                "lat": "24.6463",
                "lng": "-168.8889"
            }
        },
        "phone": "(775)976-6794 x41206",
        "website": "conrad.com",
        "company": {
            "name": "Yost and Sons",
            "catchPhrase": "Switchable contextually-based project",
            "bs": "aggregate real-time technologies"
        }
    },
    {
        "id": 10,
        "name": "Clementina DuBuque",
        "username": "Moriah.Stanton",
        "email": "Rey.Padberg@karina.biz",
        "address": {
            "street": "Kattie Turnpike",
            "suite": "Suite 198",
            "city": "Lebsackbury",
            "zipcode": "31428-2261",
            "geo": {
                "lat": "-38.2386",
                "lng": "57.2232"
            }
        },
        "phone": "024-648-3804",
        "website": "ambrose.net",
        "company": {
            "name": "Hoeger LLC",
            "catchPhrase": "Centralized empowering task-force",
            "bs": "target end-to-end models"
        }
    }
]

2023-07-11 12:41:12 JsonValidator [TestNG-test=User API tests-4-31] [INFO] JSON schema of version below or equal to draft-04 was detected
2023-07-11 12:41:12 AbstractApiMethod [TestNG-test=User API tests-2-29] [INFO] Request method:	POST
Request URI:	https://jsonplaceholder.typicode.com/users
Request params:	<none>
Query params:	<none>
Form params:	<none>
Path params:	<none>
Multiparts:		<none>
Cookies:		<none>
Headers:		Accept=*/*
				Content-Type=application/json; charset=UTF-8
Body:
[
    {
        "id": 1,
        "email": "Sincere@april.biz",
        "address": {
            "street": "Kulas Light",
            "suite": "Apt. 556",
            "city": "Gwenborough",
            "zipcode": "92998-3874",
            "geo": {
                "lat": "-37.3159",
                "lng": "81.1496"
            }
        },
        "phone": "1-770-736-8031 x56442",
        "website": "hildegard.org",
        "company": {
            "name": "bbijglhl",
            "catchPhrase": "Multi-layered client-server neural-net",
            "bs": "harness real-time e-markets"
        }
    }
]
HTTP/1.1 201 Created
Date: Tue, 11 Jul 2023 19:41:12 GMT
Content-Type: application/json; charset=utf-8
Content-Length: 516
Connection: keep-alive
X-Powered-By: Express
X-Ratelimit-Limit: 1000
X-Ratelimit-Remaining: 999
X-Ratelimit-Reset: 1689104516
Vary: Origin, X-HTTP-Method-Override, Accept-Encoding
Access-Control-Allow-Credentials: true
Cache-Control: no-cache
Pragma: no-cache
Expires: -1
Access-Control-Expose-Headers: Location
Location: http://jsonplaceholder.typicode.com/users/11
X-Content-Type-Options: nosniff
Etag: W/"204-v47902FzZk2VEcOdd+GjYa+1BVI"
Via: 1.1 vegur
CF-Cache-Status: DYNAMIC
Report-To: {"endpoints":[{"url":"https:\/\/a.nel.cloudflare.com\/report\/v3?s=fRx%2FebhaoVI5WxI1mRrtqCgkE%2BXG2TANi54YsbcaC3wWWDWIVDABuPRLV%2Bp76lHV8nTP6UKyxW5NgR%2B4adjjYaBdgqk%2FZUdN9jIK8oKjrp7nrPi3v1te2ySPpgsObgNVjeyxs1filPBjA7posEgS"}],"group":"cf-nel","max_age":604800}
NEL: {"success_fraction":0,"report_to":"cf-nel","max_age":604800}
Server: cloudflare
CF-RAY: 7e5385c96df1f99f-SJC
alt-svc: h3=":443"; ma=86400

{
    "0": {
        "id": 1,
        "email": "Sincere@april.biz",
        "address": {
            "street": "Kulas Light",
            "suite": "Apt. 556",
            "city": "Gwenborough",
            "zipcode": "92998-3874",
            "geo": {
                "lat": "-37.3159",
                "lng": "81.1496"
            }
        },
        "phone": "1-770-736-8031 x56442",
        "website": "hildegard.org",
        "company": {
            "name": "bbijglhl",
            "catchPhrase": "Multi-layered client-server neural-net",
            "bs": "harness real-time e-markets"
        }
    },
    "id": 11
}

2023-07-11 12:41:12 Messager [TestNG-test=User API tests-2-29] [INFO] TEST [User API tests - testCreateUserMissingSomeFields] PASSED at [12:41:12 2023-07-11]
2023-07-11 12:41:12 APIMethodPoller [TestNG-test=User API tests-1-28] [INFO] Request method:	POST
Request URI:	https://jsonplaceholder.typicode.com/users
Request params:	<none>
Query params:	<none>
Form params:	<none>
Path params:	<none>
Multiparts:		<none>
Cookies:		<none>
Headers:		Accept=*/*
				Content-Type=application/json; charset=UTF-8
Body:
[
    {
        "id": 1,
        "name": "Leanne Graham",
        "username": "cihoiqnu",
        "email": "Sincere@april.biz",
        "address": {
            "street": "Kulas Light",
            "suite": "Apt. 556",
            "city": "Gwenborough",
            "zipcode": "92998-3874",
            "geo": {
                "lat": "-37.3159",
                "lng": "81.1496"
            }
        },
        "phone": "1-770-736-8031 x56442",
        "website": "hildegard.org",
        "company": {
            "name": "tminkkcg",
            "catchPhrase": "Multi-layered client-server neural-net",
            "bs": "harness real-time e-markets"
        }
    }
]
HTTP/1.1 201 Created
Date: Tue, 11 Jul 2023 19:41:12 GMT
Content-Type: application/json; charset=utf-8
Content-Length: 573
Connection: keep-alive
X-Powered-By: Express
X-Ratelimit-Limit: 1000
X-Ratelimit-Remaining: 998
X-Ratelimit-Reset: 1689104516
Vary: Origin, X-HTTP-Method-Override, Accept-Encoding
Access-Control-Allow-Credentials: true
Cache-Control: no-cache
Pragma: no-cache
Expires: -1
Access-Control-Expose-Headers: Location
Location: http://jsonplaceholder.typicode.com/users/11
X-Content-Type-Options: nosniff
Etag: W/"23d-b5+YJJhscOcHN0X7aY97ctbWeD8"
Via: 1.1 vegur
CF-Cache-Status: DYNAMIC
Report-To: {"endpoints":[{"url":"https:\/\/a.nel.cloudflare.com\/report\/v3?s=PPhFgtikmGOHlEE7Db2%2BRnzFKF8oPJ86IMBLQ9qB%2BdrK8SoX6nmrbpOclp2GIcD7MJtFFkyTpe8H95YQHUO1oDGmv%2B3B38V15AQseHUx6GIopfBAB7XnySmxH9rGxrodr5ojGwOe5%2B9WSk0193Dt"}],"group":"cf-nel","max_age":604800}
NEL: {"success_fraction":0,"report_to":"cf-nel","max_age":604800}
Server: cloudflare
CF-RAY: 7e5385c96e2116a2-SJC
alt-svc: h3=":443"; ma=86400

{
    "0": {
        "id": 1,
        "name": "Leanne Graham",
        "username": "cihoiqnu",
        "email": "Sincere@april.biz",
        "address": {
            "street": "Kulas Light",
            "suite": "Apt. 556",
            "city": "Gwenborough",
            "zipcode": "92998-3874",
            "geo": {
                "lat": "-37.3159",
                "lng": "81.1496"
            }
        },
        "phone": "1-770-736-8031 x56442",
        "website": "hildegard.org",
        "company": {
            "name": "tminkkcg",
            "catchPhrase": "Multi-layered client-server neural-net",
            "bs": "harness real-time e-markets"
        }
    },
    "id": 11
}

2023-07-11 12:41:12 AbstractApiMethod [TestNG-test=User API tests-3-30] [INFO] Request method:	DELETE
Request URI:	https://jsonplaceholder.typicode.com/users/1
Request params:	<none>
Query params:	<none>
Form params:	<none>
Path params:	<none>
Multiparts:		<none>
Cookies:		<none>
Headers:		Accept=*/*
				Content-Type=application/json; charset=UTF-8
Body:
[
    {
        "id": 1,
        "name": "Leanne Graham",
        "username": "qxunklgm",
        "email": "Sincere@april.biz",
        "address": {
            "street": "Kulas Light",
            "suite": "Apt. 556",
            "city": "Gwenborough",
            "zipcode": "92998-3874",
            "geo": {
                "lat": "-37.3159",
                "lng": "81.1496"
            }
        },
        "phone": "1-770-736-8031 x56442",
        "website": "hildegard.org",
        "company": {
            "name": "kleejmmt",
            "catchPhrase": "Multi-layered client-server neural-net",
            "bs": "harness real-time e-markets"
        }
    },
    {
        "id": 2,
        "name": "Leanne Graham",
        "username": "qxunklgm",
        "email": "Sincere@april.biz",
        "address": {
            "street": "Kulas Light",
            "suite": "Apt. 556",
            "city": "Gwenborough",
            "zipcode": "92998-3874",
            "geo": {
                "lat": "-37.3159",
                "lng": "81.1496"
            }
        },
        "phone": "1-770-736-8031 x56442",
        "website": "hildegard.org",
        "company": {
            "name": "kleejmmt",
            "catchPhrase": "Multi-layered client-server neural-net",
            "bs": "harness real-time e-markets"
        }
    }
]
HTTP/1.1 200 OK
Date: Tue, 11 Jul 2023 19:41:12 GMT
Content-Type: application/json; charset=utf-8
Content-Length: 2
Connection: keep-alive
X-Powered-By: Express
X-Ratelimit-Limit: 1000
X-Ratelimit-Remaining: 997
X-Ratelimit-Reset: 1689104516
Vary: Origin, Accept-Encoding
Access-Control-Allow-Credentials: true
Cache-Control: no-cache
Pragma: no-cache
Expires: -1
X-Content-Type-Options: nosniff
Etag: W/"2-vyGp6PvFo4RvsFtPoIWeCReyIC8"
Via: 1.1 vegur
CF-Cache-Status: DYNAMIC
Report-To: {"endpoints":[{"url":"https:\/\/a.nel.cloudflare.com\/report\/v3?s=2KlaQYJ1dgR5t%2BdNiJAvDc3uaJHPck%2BOQEwQYiDPTvREh4P3FVi6woC40PY%2BxUpcx9QX7JdGYz%2BBLhY%2F0Pbb7tDhLJbPDNFdSiPt5vNsEtvIFFQXQ%2BCeSckgNJZa%2Byu7MhWRPvqKhWoAlB%2FIufPu"}],"group":"cf-nel","max_age":604800}
NEL: {"success_fraction":0,"report_to":"cf-nel","max_age":604800}
Server: cloudflare
CF-RAY: 7e5385c969096452-SJC
alt-svc: h3=":443"; ma=86400

{
    
}

]]></system-out>
  </testcase>
  <testcase name="testDeleteUsers" classname="com.solvd.carina.demo.APISampleTest" time="1.792">
    <system-out><![CDATA[2023-07-11 12:41:12 Messager [TestNG-test=User API tests-3-30] [INFO] TEST [User API tests - testDeleteUsers] PASSED at [12:41:12 2023-07-11]
]]></system-out>
  </testcase>
  <testcase name="testGetUsers" classname="com.solvd.carina.demo.APISampleTest" time="1.867">
    <system-out><![CDATA[2023-07-11 12:41:12 JsonValidator [TestNG-test=User API tests-4-31] [INFO] Validation against Json schema successfully passed
2023-07-11 12:41:12 Messager [TestNG-test=User API tests-4-31] [INFO] TEST [User API tests - testGetUsers] PASSED at [12:41:12 2023-07-11]
]]></system-out>
  </testcase>
  <testcase name="testCreateUser" classname="com.solvd.carina.demo.APISampleTest" time="5.766">
    <system-out><![CDATA[2023-07-11 12:41:13 APIMethodPoller [TestNG-test=User API tests-1-28] [INFO] Request method:	POST
Request URI:	https://jsonplaceholder.typicode.com/users
Request params:	<none>
Query params:	<none>
Form params:	<none>
Path params:	<none>
Multiparts:		<none>
Cookies:		<none>
Headers:		Accept=*/*
				Content-Type=application/json; charset=UTF-8
Body:
[
    {
        "id": 1,
        "name": "Leanne Graham",
        "username": "cihoiqnu",
        "email": "Sincere@april.biz",
        "address": {
            "street": "Kulas Light",
            "suite": "Apt. 556",
            "city": "Gwenborough",
            "zipcode": "92998-3874",
            "geo": {
                "lat": "-37.3159",
                "lng": "81.1496"
            }
        },
        "phone": "1-770-736-8031 x56442",
        "website": "hildegard.org",
        "company": {
            "name": "tminkkcg",
            "catchPhrase": "Multi-layered client-server neural-net",
            "bs": "harness real-time e-markets"
        }
    }
]
HTTP/1.1 201 Created
Date: Tue, 11 Jul 2023 19:41:13 GMT
Content-Type: application/json; charset=utf-8
Content-Length: 573
Connection: keep-alive
X-Powered-By: Express
X-Ratelimit-Limit: 1000
X-Ratelimit-Remaining: 996
X-Ratelimit-Reset: 1689104516
Vary: Origin, X-HTTP-Method-Override, Accept-Encoding
Access-Control-Allow-Credentials: true
Cache-Control: no-cache
Pragma: no-cache
Expires: -1
Access-Control-Expose-Headers: Location
Location: http://jsonplaceholder.typicode.com/users/11
X-Content-Type-Options: nosniff
Etag: W/"23d-b5+YJJhscOcHN0X7aY97ctbWeD8"
Via: 1.1 vegur
CF-Cache-Status: DYNAMIC
Report-To: {"endpoints":[{"url":"https:\/\/a.nel.cloudflare.com\/report\/v3?s=qr7v5%2BKCxbhbmMSom4WM6XI0OvBToYL0QHkNcHpmtwJsb3K5SFeINiFm88bUxanJXrGl20Ptr1lBOWAmFfnEjru8hY85S%2FxPLt13uCB4oHXk%2Bp0GLi9RX5cmKEzMVOGp2kWfvhs207Fu%2B98hk5RI"}],"group":"cf-nel","max_age":604800}
NEL: {"success_fraction":0,"report_to":"cf-nel","max_age":604800}
Server: cloudflare
CF-RAY: 7e5385d14c0aceed-SJC
alt-svc: h3=":443"; ma=86400

{
    "0": {
        "id": 1,
        "name": "Leanne Graham",
        "username": "cihoiqnu",
        "email": "Sincere@april.biz",
        "address": {
            "street": "Kulas Light",
            "suite": "Apt. 556",
            "city": "Gwenborough",
            "zipcode": "92998-3874",
            "geo": {
                "lat": "-37.3159",
                "lng": "81.1496"
            }
        },
        "phone": "1-770-736-8031 x56442",
        "website": "hildegard.org",
        "company": {
            "name": "tminkkcg",
            "catchPhrase": "Multi-layered client-server neural-net",
            "bs": "harness real-time e-markets"
        }
    },
    "id": 11
}

2023-07-11 12:41:15 APIMethodPoller [TestNG-test=User API tests-1-28] [INFO] Request method:	POST
Request URI:	https://jsonplaceholder.typicode.com/users
Request params:	<none>
Query params:	<none>
Form params:	<none>
Path params:	<none>
Multiparts:		<none>
Cookies:		<none>
Headers:		Accept=*/*
				Content-Type=application/json; charset=UTF-8
Body:
[
    {
        "id": 1,
        "name": "Leanne Graham",
        "username": "cihoiqnu",
        "email": "Sincere@april.biz",
        "address": {
            "street": "Kulas Light",
            "suite": "Apt. 556",
            "city": "Gwenborough",
            "zipcode": "92998-3874",
            "geo": {
                "lat": "-37.3159",
                "lng": "81.1496"
            }
        },
        "phone": "1-770-736-8031 x56442",
        "website": "hildegard.org",
        "company": {
            "name": "tminkkcg",
            "catchPhrase": "Multi-layered client-server neural-net",
            "bs": "harness real-time e-markets"
        }
    }
]
HTTP/1.1 201 Created
Date: Tue, 11 Jul 2023 19:41:15 GMT
Content-Type: application/json; charset=utf-8
Content-Length: 573
Connection: keep-alive
X-Powered-By: Express
X-Ratelimit-Limit: 1000
X-Ratelimit-Remaining: 995
X-Ratelimit-Reset: 1689104516
Vary: Origin, X-HTTP-Method-Override, Accept-Encoding
Access-Control-Allow-Credentials: true
Cache-Control: no-cache
Pragma: no-cache
Expires: -1
Access-Control-Expose-Headers: Location
Location: http://jsonplaceholder.typicode.com/users/11
X-Content-Type-Options: nosniff
Etag: W/"23d-b5+YJJhscOcHN0X7aY97ctbWeD8"
Via: 1.1 vegur
CF-Cache-Status: DYNAMIC
Report-To: {"endpoints":[{"url":"https:\/\/a.nel.cloudflare.com\/report\/v3?s=R1nu53W%2BH3A1QNoqBGHvzbpodedLpwDd6PwYbyHCvwXsfF0%2BGc1aaHHNQCEYQXWIzm0gO2G9BRjOFm3H1AjTywz0V%2FxUBAJcCmFNlkUOgbMQvTkZKw2oCkZF%2BU0e891PWlELH%2B1QSP9TFyXWk%2Be4"}],"group":"cf-nel","max_age":604800}
NEL: {"success_fraction":0,"report_to":"cf-nel","max_age":604800}
Server: cloudflare
CF-RAY: 7e5385da3bd517f2-SJC
alt-svc: h3=":443"; ma=86400

{
    "0": {
        "id": 1,
        "name": "Leanne Graham",
        "username": "cihoiqnu",
        "email": "Sincere@april.biz",
        "address": {
            "street": "Kulas Light",
            "suite": "Apt. 556",
            "city": "Gwenborough",
            "zipcode": "92998-3874",
            "geo": {
                "lat": "-37.3159",
                "lng": "81.1496"
            }
        },
        "phone": "1-770-736-8031 x56442",
        "website": "hildegard.org",
        "company": {
            "name": "tminkkcg",
            "catchPhrase": "Multi-layered client-server neural-net",
            "bs": "harness real-time e-markets"
        }
    },
    "id": 11
}

2023-07-11 12:41:16 APIMethodPoller [TestNG-test=User API tests-1-28] [INFO] Request method:	POST
Request URI:	https://jsonplaceholder.typicode.com/users
Request params:	<none>
Query params:	<none>
Form params:	<none>
Path params:	<none>
Multiparts:		<none>
Cookies:		<none>
Headers:		Accept=*/*
				Content-Type=application/json; charset=UTF-8
Body:
[
    {
        "id": 1,
        "name": "Leanne Graham",
        "username": "cihoiqnu",
        "email": "Sincere@april.biz",
        "address": {
            "street": "Kulas Light",
            "suite": "Apt. 556",
            "city": "Gwenborough",
            "zipcode": "92998-3874",
            "geo": {
                "lat": "-37.3159",
                "lng": "81.1496"
            }
        },
        "phone": "1-770-736-8031 x56442",
        "website": "hildegard.org",
        "company": {
            "name": "tminkkcg",
            "catchPhrase": "Multi-layered client-server neural-net",
            "bs": "harness real-time e-markets"
        }
    }
]
HTTP/1.1 201 Created
Date: Tue, 11 Jul 2023 19:41:16 GMT
Content-Type: application/json; charset=utf-8
Content-Length: 573
Connection: keep-alive
X-Powered-By: Express
X-Ratelimit-Limit: 1000
X-Ratelimit-Remaining: 994
X-Ratelimit-Reset: 1689104516
Vary: Origin, X-HTTP-Method-Override, Accept-Encoding
Access-Control-Allow-Credentials: true
Cache-Control: no-cache
Pragma: no-cache
Expires: -1
Access-Control-Expose-Headers: Location
Location: http://jsonplaceholder.typicode.com/users/11
X-Content-Type-Options: nosniff
Etag: W/"23d-b5+YJJhscOcHN0X7aY97ctbWeD8"
Via: 1.1 vegur
CF-Cache-Status: DYNAMIC
Report-To: {"endpoints":[{"url":"https:\/\/a.nel.cloudflare.com\/report\/v3?s=kPTJdnpPhDfUN1q%2BWh7p6kgDj%2F6Nr4TtbhYG6lx%2FyvaWFmhadkcfvTEsjLKvlSMTpr5pD0Qe3GOQPs6wTq4mG8obTVwEk6ZvN8h79bRWGfdRV3A7jP5Dja1Rab1Oy386xUaNiovaLacKzL4Qqz3c"}],"group":"cf-nel","max_age":604800}
NEL: {"success_fraction":0,"report_to":"cf-nel","max_age":604800}
Server: cloudflare
CF-RAY: 7e5385e28cedfada-SJC
alt-svc: h3=":443"; ma=86400

{
    "0": {
        "id": 1,
        "name": "Leanne Graham",
        "username": "cihoiqnu",
        "email": "Sincere@april.biz",
        "address": {
            "street": "Kulas Light",
            "suite": "Apt. 556",
            "city": "Gwenborough",
            "zipcode": "92998-3874",
            "geo": {
                "lat": "-37.3159",
                "lng": "81.1496"
            }
        },
        "phone": "1-770-736-8031 x56442",
        "website": "hildegard.org",
        "company": {
            "name": "tminkkcg",
            "catchPhrase": "Multi-layered client-server neural-net",
            "bs": "harness real-time e-markets"
        }
    },
    "id": 11
}

2023-07-11 12:41:16 Messager [TestNG-test=User API tests-1-28] [INFO] TEST [User API tests - testCreateUser] PASSED at [12:41:16 2023-07-11]
]]></system-out>
  </testcase>
</testsuite>