<?xml version="1.0" encoding="UTF-8"?>
<testng-results ignored="0" total="1" passed="1" failed="0" skipped="0">
  <reporter-output>
  </reporter-output>
  <suite started-at="2023-07-24T10:51:57 PDT" name="Carina Demo Tests - Hello World" finished-at="2023-07-24T10:51:57 PDT" duration-ms="141">
    <groups>
    </groups>
    <test started-at="2023-07-24T10:51:57 PDT" name="Hello World test" finished-at="2023-07-24T10:51:57 PDT" duration-ms="141">
      <class name="com.solvd.carina.demo.HelloWorld">
        <test-method signature="helloWorld()[pri:0, instance:com.solvd.carina.demo.HelloWorld@175c4ae5]" started-at="2023-07-24T10:51:57 PDT" name="helloWorld" finished-at="2023-07-24T10:51:57 PDT" duration-ms="32" status="PASS">
          <reporter-output>
          </reporter-output>
        </test-method> <!-- helloWorld -->
        <test-method is-config="true" signature="onCarinaAfterMethod()[pri:0, instance:com.solvd.carina.demo.HelloWorld@175c4ae5]" started-at="2023-07-24T10:51:57 PDT" name="onCarinaAfterMethod" finished-at="2023-07-24T10:51:57 PDT" duration-ms="3" status="PASS">
          <reporter-output>
          </reporter-output>
        </test-method> <!-- onCarinaAfterMethod -->
      </class> <!-- com.solvd.carina.demo.HelloWorld -->
    </test> <!-- Hello World test -->
  </suite> <!-- Carina Demo Tests - Hello World -->
</testng-results>
