<?xml version="1.0" encoding="UTF-8"?>
<testsuite xmlns:xsi="http://www.w3.org/2001/XMLSchema-instance" xsi:noNamespaceSchemaLocation="https://maven.apache.org/surefire/maven-surefire-plugin/xsd/surefire-test-report-3.0.xsd" version="3.0" name="TestSuite" time="681.456" tests="5" errors="0" skipped="1" failures="0">
  <properties>
[...]
</properties>
  <testcase name="verifyLoginComponent" classname="com.solvd.carina.demo.GsmArenaTest" time="210.975">
    <system-out><![CDATA[2023-07-25 00:12:48 CarinaListener [main] [INFO] 
============= Basic configuration =============
env=DEMO
=========== Encryptor configuration ===========
crypto_key_value=*****
=========== WebDriver configuration ===========
url=https://www.gsmarena.com
selenium_url=http://localhost:4444/wd/hub
auto_screenshot=true
explicit_timeout=30
localization_encoding=UTF-8
language=en_US
-------------- Driver capabilities ------------
browserName=chrome
============= Test configuration ==============
retry_count=3
thread_count=6
===============================================

2023-07-25 00:12:48 TestRunRegistrar [main-1] [WARN] Reporting disabled: using no op test run registrar
2023-07-25 00:12:51 CarinaListener [main-1] [INFO] Set data-provider-thread-count=1
2023-07-25 00:12:51 CarinaListener [main-1] [INFO] CARINA_CORE_VERSION: 1.1.3
2023-07-25 00:12:51 TestRunRegistrar [TestNG-test=GSM arena web tests-1] [WARN] Reporting disabled: using no op test run registrar
2023-07-25 00:12:51 Messager [TestNG-test=GSM arena web tests-1-28] [INFO] TEST [GSM arena web tests - testLoginWithWrongEmail] STARTED at [00:12:51 2023-07-25]
2023-07-25 00:12:51 TestRunRegistrar [TestNG-test=GSM arena web tests-4] [WARN] Reporting disabled: using no op test run registrar
2023-07-25 00:12:51 Messager [TestNG-test=GSM arena web tests-4-31] [INFO] TEST [GSM arena web tests - verifyLoginComponent] STARTED at [00:12:51 2023-07-25]
2023-07-25 00:12:51 TestRunRegistrar [TestNG-test=GSM arena web tests-2] [WARN] Reporting disabled: using no op test run registrar
2023-07-25 00:12:51 Messager [TestNG-test=GSM arena web tests-2-29] [INFO] TEST [GSM arena web tests - testLoginWithWrongPassword] STARTED at [00:12:51 2023-07-25]
2023-07-25 00:12:51 TestRunRegistrar [TestNG-test=GSM arena web tests-3] [WARN] Reporting disabled: using no op test run registrar
2023-07-25 00:12:51 Messager [TestNG-test=GSM arena web tests-3-30] [INFO] TEST [GSM arena web tests - testSuccessLogin] STARTED at [00:12:51 2023-07-25]
2023-07-25 00:12:51 DriverFactory [TestNG-test=GSM arena web tests-4-31] [INFO] Starting driver session...
2023-07-25 00:12:51 DriverFactory [TestNG-test=GSM arena web tests-2-29] [INFO] Starting driver session...
2023-07-25 00:12:51 DriverFactory [TestNG-test=GSM arena web tests-1-28] [INFO] Starting driver session...
2023-07-25 00:12:51 DriverFactory [TestNG-test=GSM arena web tests-3-30] [INFO] Starting driver session...
2023-07-25 00:13:03 DriverFactory [TestNG-test=GSM arena web tests-1-28] [INFO] Driver session started.
2023-07-25 00:13:03 DriverFactory [TestNG-test=GSM arena web tests-4-31] [INFO] Driver session started.
2023-07-25 00:13:03 DriverFactory [TestNG-test=GSM arena web tests-2-29] [INFO] Driver session started.
2023-07-25 00:13:03 Messager [TestNG-test=GSM arena web tests-4-31] [INFO] INFO: opening url 'https://www.gsmarena.com'
2023-07-25 00:13:03 Messager [TestNG-test=GSM arena web tests-2-29] [INFO] INFO: opening url 'https://www.gsmarena.com'
2023-07-25 00:13:03 Messager [TestNG-test=GSM arena web tests-1-28] [INFO] INFO: opening url 'https://www.gsmarena.com'
2023-07-25 00:13:03 DriverFactory [TestNG-test=GSM arena web tests-3-30] [INFO] Driver session started.
2023-07-25 00:13:03 Messager [TestNG-test=GSM arena web tests-3-30] [INFO] INFO: opening url 'https://www.gsmarena.com'
2023-07-25 00:16:09 DriverListener [TestNG-test=GSM arena web tests-3-30] [INFO] PASS: element 'loginIcon' is clicked.
2023-07-25 00:16:21 Messager [TestNG-test=GSM arena web tests-4-31] [INFO] TEST [GSM arena web tests - verifyLoginComponent] PASSED at [00:16:21 2023-07-25]
]]></system-out>
    <system-err><![CDATA[Jul 25, 2023 12:16:06 AM com.solvd.carina.demo.gui.components.header.HeaderMenu openLoginForm
INFO: opening login form
Jul 25, 2023 12:16:21 AM com.solvd.carina.demo.gui.components.header.HeaderMenu isLoginIconPresent
INFO: Checking if login icon is present
]]></system-err>
  </testcase>
  <testcase name="testSuccessLogin" classname="com.solvd.carina.demo.GsmArenaTest" time="0">
    <skipped message="javascript error: Cannot read properties of undefined (reading &apos;textContent&apos;)&#10;  (Session info: chrome=114.0.5735.248)&#10;Build info: version: &apos;4.7.0&apos;, revision: &apos;0a5b49d16f&apos;&#10;System info: os.name: &apos;Mac OS X&apos;, os.arch: &apos;aarch64&apos;, os.version: &apos;13.4&apos;, java.version: &apos;17.0.5&apos;&#10;Driver info: org.openqa.selenium.remote.RemoteWebDriver&#10;Command: [2b0f60c09404e9868ed311d069712ac6, executeScript {script=return document.querySelectorAll(&apos;.icon-count&apos;, &apos;:before&apos;)[6].textContent, args=[]}]&#10;Capabilities {acceptInsecureCerts: true, browserName: chrome, browserVersion: 114.0.5735.248, chrome: {chromedriverVersion: 114.0.5735.90 (386bc09e8f4f..., userDataDir: /var/folders/zt/5q_190yd0x5...}, goog:chromeOptions: {debuggerAddress: localhost:61765}, networkConnectionEnabled: false, pageLoadStrategy: normal, platformName: MAC, proxy: Proxy(), setWindowRect: true, strictFileInteractability: false, timeouts: {implicit: 0, pageLoad: 300000, script: 30000}, unhandledPromptBehavior: dismiss and notify, webauthn:extension:credBlob: true, webauthn:extension:largeBlob: true, webauthn:extension:minPinLength: true, webauthn:extension:prf: true, webauthn:virtualAuthenticators: true, webdriver.remote.sessionid: 2b0f60c09404e9868ed311d0697...}&#10;Session ID: 2b0f60c09404e9868ed311d069712ac6"/>
    <system-out><![CDATA[2023-07-25 00:16:23 DriverListener [TestNG-test=GSM arena web tests-3-30] [INFO] PASS: keys 's9rowa@mail.ru' are sent to element 'inputEmail'.
2023-07-25 00:16:30 DriverListener [TestNG-test=GSM arena web tests-3-30] [INFO] PASS: keys 'changeme' are sent to element 'inputPassword'.
2023-07-25 00:16:50 DriverListener [TestNG-test=GSM arena web tests-1-28] [INFO] PASS: element 'loginIcon' is clicked.
2023-07-25 00:17:01 DriverListener [TestNG-test=GSM arena web tests-1-28] [INFO] PASS: keys 's9rowamail@mail' are sent to element 'inputEmail'.
2023-07-25 00:17:06 DriverListener [TestNG-test=GSM arena web tests-2-29] [INFO] PASS: element 'loginIcon' is clicked.
2023-07-25 00:17:07 DriverListener [TestNG-test=GSM arena web tests-1-28] [INFO] PASS: keys 'changeme' are sent to element 'inputPassword'.
2023-07-25 00:17:28 DriverListener [TestNG-test=GSM arena web tests-3-30] [INFO] PASS: element 'submitButton' is clicked.
2023-07-25 00:17:39 DriverListener [TestNG-test=GSM arena web tests-2-29] [INFO] PASS: keys 's9rowa@mail.ru' are sent to element 'inputEmail'.
2023-07-25 00:17:45 DriverListener [TestNG-test=GSM arena web tests-2-29] [INFO] PASS: keys 'wrongpassword' are sent to element 'inputPassword'.
2023-07-25 00:18:02 Screenshot [TestNG-test=GSM arena web tests-3-30] [WARN] Unable to capture screenshot during 10 sec!
2023-07-25 00:18:39 DriverListener [TestNG-test=GSM arena web tests-2-29] [INFO] PASS: element 'submitButton' is clicked.
2023-07-25 00:19:23 Screenshot [TestNG-test=GSM arena web tests-2-29] [WARN] Unable to capture screenshot during 10 sec!
2023-07-25 00:19:36 DriverListener [TestNG-test=GSM arena web tests-1-28] [INFO] PASS: element 'submitButton' is clicked.
2023-07-25 00:19:44 LoginPage [TestNG-test=GSM arena web tests-1-28] [INFO] Login result [Reason: User record not found.]
2023-07-25 00:19:47 LoginPage [TestNG-test=GSM arena web tests-2-29] [INFO] Login result [Reason: Wrong password.]
2023-07-25 00:20:42 Screenshot [TestNG-test=GSM arena web tests-3-30] [WARN] Unable to capture screenshot during 10 sec!
2023-07-25 00:20:42 Messager [TestNG-test=GSM arena web tests-3-30] [ERROR] TEST [GSM arena web tests - testSuccessLogin] SKIPPED at [00:20:42 2023-07-25] - javascript error: Cannot read properties of undefined (reading 'textContent')
  (Session info: chrome=114.0.5735.248)
Build info: version: '4.7.0', revision: '0a5b49d16f'
System info: os.name: 'Mac OS X', os.arch: 'aarch64', os.version: '13.4', java.version: '17.0.5'
Driver info: org.openqa.selenium.remote.RemoteWebDriver
Command: [2b0f60c09404e9868ed311d069712ac6, executeScript {script=return document.querySelectorAll('.icon-count', ':before')[6].textContent, args=[]}]
Capabilities {acceptInsecureCerts: true, browserName: chrome, browserVersion: 114.0.5735.248, chrome: {chromedriverVersion: 114.0.5735.90 (386bc09e8f4f..., userDataDir: /var/folders/zt/5q_190yd0x5...}, goog:chromeOptions: {debuggerAddress: localhost:61765}, networkConnectionEnabled: false, pageLoadStrategy: normal, platformName: MAC, proxy: Proxy(), setWindowRect: true, strictFileInteractability: false, timeouts: {implicit: 0, pageLoad: 300000, script: 30000}, unhandledPromptBehavior: dismiss and notify, webauthn:extension:credBlob: true, webauthn:extension:largeBlob: true, webauthn:extension:minPinLength: true, webauthn:extension:prf: true, webauthn:virtualAuthenticators: true, webdriver.remote.sessionid: 2b0f60c09404e9868ed311d0697...}
Session ID: 2b0f60c09404e9868ed311d069712ac6

java.base/jdk.internal.reflect.NativeConstructorAccessorImpl.newInstance0(Native Method)
java.base/jdk.internal.reflect.NativeConstructorAccessorImpl.newInstance(NativeConstructorAccessorImpl.java:77)
java.base/jdk.internal.reflect.DelegatingConstructorAccessorImpl.newInstance(DelegatingConstructorAccessorImpl.java:45)
java.base/java.lang.reflect.Constructor.newInstanceWithCaller(Constructor.java:499)
java.base/java.lang.reflect.Constructor.newInstance(Constructor.java:480)
org.openqa.selenium.remote.codec.w3c.W3CHttpResponseCodec.createException(W3CHttpResponseCodec.java:200)
org.openqa.selenium.remote.codec.w3c.W3CHttpResponseCodec.decode(W3CHttpResponseCodec.java:133)
org.openqa.selenium.remote.codec.w3c.W3CHttpResponseCodec.decode(W3CHttpResponseCodec.java:53)
org.openqa.selenium.remote.HttpCommandExecutor.execute(HttpCommandExecutor.java:184)
com.zebrunner.carina.webdriver.listener.EventFiringSeleniumCommandExecutor.execute(EventFiringSeleniumCommandExecutor.java:52)
org.openqa.selenium.remote.RemoteWebDriver.execute(RemoteWebDriver.java:541)
org.openqa.selenium.remote.RemoteWebDriver.executeScript$original$mGmh8KBl(RemoteWebDriver.java:478)
org.openqa.selenium.remote.RemoteWebDriver.executeScript$original$mGmh8KBl$accessor$VbyDVbPD(RemoteWebDriver.java)
org.openqa.selenium.remote.RemoteWebDriver$auxiliary$ISUjNVCx.call(Unknown Source)
com.zebrunner.agent.core.webdriver.PublicMethodInvocationInterceptor.onPublicMethodInvocation(PublicMethodInvocationInterceptor.java:18)
org.openqa.selenium.remote.RemoteWebDriver.executeScript(RemoteWebDriver.java)
java.base/jdk.internal.reflect.NativeMethodAccessorImpl.invoke0(Native Method)
java.base/jdk.internal.reflect.NativeMethodAccessorImpl.invoke(NativeMethodAccessorImpl.java:77)
java.base/jdk.internal.reflect.DelegatingMethodAccessorImpl.invoke(DelegatingMethodAccessorImpl.java:43)
java.base/java.lang.reflect.Method.invoke(Method.java:568)
org.openqa.selenium.support.decorators.WebDriverDecorator.call(WebDriverDecorator.java:247)
org.openqa.selenium.support.decorators.DefaultDecorated.call(DefaultDecorated.java:48)
org.openqa.selenium.support.decorators.WebDriverDecorator.lambda$createProxy$0(WebDriverDecorator.java:309)
net.bytebuddy.renamed.java.lang.Object$ByteBuddy$utCjMPfc.executeScript(Unknown Source)
com.solvd.carina.demo.gui.components.header.HeaderMenu.getUserName(HeaderMenu.java:106)
com.solvd.carina.demo.GsmArenaTest.testSuccessLogin(GsmArenaTest.java:52)
java.base/jdk.internal.reflect.NativeMethodAccessorImpl.invoke0(Native Method)
java.base/jdk.internal.reflect.NativeMethodAccessorImpl.invoke(NativeMethodAccessorImpl.java:77)
java.base/jdk.internal.reflect.DelegatingMethodAccessorImpl.invoke(DelegatingMethodAccessorImpl.java:43)
java.base/java.lang.reflect.Method.invoke(Method.java:568)
org.testng.internal.invokers.MethodInvocationHelper.invokeMethod(MethodInvocationHelper.java:139)
org.testng.internal.invokers.TestInvoker.invokeMethod(TestInvoker.java:677)
org.testng.internal.invokers.TestInvoker.invokeTestMethod(TestInvoker.java:221)
org.testng.internal.invokers.MethodRunner.runInSequence(MethodRunner.java:50)
org.testng.internal.invokers.TestInvoker$MethodInvocationAgent.invoke(TestInvoker.java:969)
org.testng.internal.invokers.TestInvoker.invokeTestMethods(TestInvoker.java:194)
org.testng.internal.invokers.TestMethodWorker.invokeTestMethods(TestMethodWorker.java:148)
org.testng.internal.invokers.TestMethodWorker.run(TestMethodWorker.java:128)
java.base/java.util.concurrent.ThreadPoolExecutor.runWorker(ThreadPoolExecutor.java:1136)
java.base/java.util.concurrent.ThreadPoolExecutor$Worker.run(ThreadPoolExecutor.java:635)
java.base/java.lang.Thread.run(Thread.java:833)
]]></system-out>
    <system-err><![CDATA[Jul 25, 2023 12:16:47 AM com.solvd.carina.demo.gui.components.header.HeaderMenu openLoginForm
INFO: opening login form
Jul 25, 2023 12:17:04 AM com.solvd.carina.demo.gui.components.header.HeaderMenu openLoginForm
INFO: opening login form
Jul 25, 2023 12:18:02 AM com.solvd.carina.demo.gui.components.LoginForm submitLogin
INFO: Login performed
Jul 25, 2023 12:19:23 AM com.solvd.carina.demo.gui.components.LoginForm submitLoginWithInvalidPassword
INFO: Login performed
Jul 25, 2023 12:19:42 AM com.solvd.carina.demo.gui.components.LoginForm submitLoginWithInvalidEmail
INFO: Login performed
]]></system-err>
  </testcase>
  <testcase name="testSuccessLogin" classname="com.solvd.carina.demo.GsmArenaTest" time="205.931">
    <system-out><![CDATA[2023-07-25 00:20:42 Messager [TestNG-test=GSM arena web tests-3-30] [INFO] TEST [GSM arena web tests - testSuccessLogin] STARTED at [00:20:42 2023-07-25]
2023-07-25 00:20:42 DriverFactory [TestNG-test=GSM arena web tests-3-30] [INFO] Starting driver session...
2023-07-25 00:20:49 DriverFactory [TestNG-test=GSM arena web tests-3-30] [INFO] Driver session started.
2023-07-25 00:20:49 Messager [TestNG-test=GSM arena web tests-3-30] [INFO] INFO: opening url 'https://www.gsmarena.com'
2023-07-25 00:22:35 DriverListener [TestNG-test=GSM arena web tests-3-30] [INFO] PASS: element 'loginIcon' is clicked.
2023-07-25 00:22:58 DriverListener [TestNG-test=GSM arena web tests-3-30] [INFO] PASS: keys 's9rowa@mail.ru' are sent to element 'inputEmail'.
2023-07-25 00:23:09 DriverListener [TestNG-test=GSM arena web tests-3-30] [INFO] PASS: keys 'changeme' are sent to element 'inputPassword'.
2023-07-25 00:23:23 DriverListener [TestNG-test=GSM arena web tests-3-30] [INFO] PASS: element 'submitButton' is clicked.
2023-07-25 00:23:51 Screenshot [TestNG-test=GSM arena web tests-3-30] [WARN] Unable to capture screenshot during 10 sec!
2023-07-25 00:24:08 Messager [TestNG-test=GSM arena web tests-3-30] [INFO] TEST [GSM arena web tests - testSuccessLogin] PASSED at [00:24:08 2023-07-25]
]]></system-out>
    <system-err><![CDATA[Jul 25, 2023 12:22:25 AM com.solvd.carina.demo.gui.components.header.HeaderMenu openLoginForm
INFO: opening login form
Jul 25, 2023 12:23:51 AM com.solvd.carina.demo.gui.components.LoginForm submitLogin
INFO: Login performed
Jul 25, 2023 12:24:08 AM com.solvd.carina.demo.gui.components.header.HeaderMenu getUserName
INFO: test.user
]]></system-err>
  </testcase>
  <testcase name="testLoginWithWrongPassword" classname="com.solvd.carina.demo.GsmArenaTest" time="471.671">
    <system-out><![CDATA[2023-07-25 00:20:42 Messager [TestNG-test=GSM arena web tests-2-29] [INFO] TEST [GSM arena web tests - testLoginWithWrongPassword] PASSED at [00:20:42 2023-07-25]
]]></system-out>
  </testcase>
  <testcase name="testLoginWithWrongEmail" classname="com.solvd.carina.demo.GsmArenaTest" time="471.672">
    <system-out><![CDATA[2023-07-25 00:20:42 Messager [TestNG-test=GSM arena web tests-1-28] [INFO] TEST [GSM arena web tests - testLoginWithWrongEmail] PASSED at [00:20:42 2023-07-25]
]]></system-out>
  </testcase>
</testsuite>