<?xml version="1.0" encoding="UTF-8"?>
<!-- Generated by org.testng.reporters.JUnitXMLReporter -->
<testsuite ignored="0" hostname="DJs-MacBook-Pro.local" failures="0" tests="5" name="GSM arena web tests" time="677.796" errors="0" timestamp="2023-07-25T00:24:09 PDT">
  <testcase classname="com.solvd.carina.demo.GsmArenaTest" name="verifyLoginComponent" time="210.624"/>
  <testcase classname="com.solvd.carina.demo.GsmArenaTest" name="testSuccessLogin" time="411.489">
    <skipped/>
  </testcase> <!-- testSuccessLogin -->
  <testcase classname="com.solvd.carina.demo.GsmArenaTest" name="testLoginWithWrongPassword" time="417.06"/>
  <testcase classname="com.solvd.carina.demo.GsmArenaTest" name="testLoginWithWrongEmail" time="414.081"/>
  <testcase classname="com.solvd.carina.demo.GsmArenaTest" name="testSuccessLogin" time="205.923"/>
</testsuite> <!-- GSM arena web tests -->
